0 info it worked if it ends with ok
1 verbose cli [ '/Users/forrestguilloud/.nvm/versions/node/v4.5.0/bin/node',
1 verbose cli   '/Users/forrestguilloud/.nvm/versions/node/v4.5.0/bin/npm',
1 verbose cli   'start' ]
2 info using npm@3.10.8
3 info using node@v4.5.0
4 verbose run-script [ 'prestart', 'start', 'poststart' ]
5 info lifecycle pin-gen@1.0.0~prestart: pin-gen@1.0.0
6 silly lifecycle pin-gen@1.0.0~prestart: no script for prestart, continuing
7 info lifecycle pin-gen@1.0.0~start: pin-gen@1.0.0
8 verbose lifecycle pin-gen@1.0.0~start: unsafe-perm in lifecycle true
9 verbose lifecycle pin-gen@1.0.0~start: PATH: /Users/forrestguilloud/.nvm/versions/node/v4.5.0/lib/node_modules/npm/bin/node-gyp-bin:/Users/forrestguilloud/Desktop/blakeG/pin-gen/node_modules/.bin:/Users/forrestguilloud/.rvm/gems/ruby-2.3.0/bin:/Users/forrestguilloud/.rvm/gems/ruby-2.3.0@global/bin:/Users/forrestguilloud/.rvm/rubies/ruby-2.3.0/bin:/Users/forrestguilloud/.nvm/versions/node/v4.5.0/bin:/usr/local/bin:/usr/bin:/bin:/usr/sbin:/sbin:/Users/forrestguilloud/.rvm/bin
10 verbose lifecycle pin-gen@1.0.0~start: CWD: /Users/forrestguilloud/Desktop/blakeG/pin-gen
11 silly lifecycle pin-gen@1.0.0~start: Args: [ '-c',
11 silly lifecycle   'rm -Rf lib && babel src -d lib --copy-files && node lib/index' ]
12 silly lifecycle pin-gen@1.0.0~start: Returned: code: 1  signal: null
13 info lifecycle pin-gen@1.0.0~start: Failed to exec start script
14 verbose stack Error: pin-gen@1.0.0 start: `rm -Rf lib && babel src -d lib --copy-files && node lib/index`
14 verbose stack Exit status 1
14 verbose stack     at EventEmitter.<anonymous> (/Users/forrestguilloud/.nvm/versions/node/v4.5.0/lib/node_modules/npm/lib/utils/lifecycle.js:255:16)
14 verbose stack     at emitTwo (events.js:87:13)
14 verbose stack     at EventEmitter.emit (events.js:172:7)
14 verbose stack     at ChildProcess.<anonymous> (/Users/forrestguilloud/.nvm/versions/node/v4.5.0/lib/node_modules/npm/lib/utils/spawn.js:40:14)
14 verbose stack     at emitTwo (events.js:87:13)
14 verbose stack     at ChildProcess.emit (events.js:172:7)
14 verbose stack     at maybeClose (internal/child_process.js:829:16)
14 verbose stack     at Process.ChildProcess._handle.onexit (internal/child_process.js:211:5)
15 verbose pkgid pin-gen@1.0.0
16 verbose cwd /Users/forrestguilloud/Desktop/blakeG/pin-gen
17 error Darwin 15.6.0
18 error argv "/Users/forrestguilloud/.nvm/versions/node/v4.5.0/bin/node" "/Users/forrestguilloud/.nvm/versions/node/v4.5.0/bin/npm" "start"
19 error node v4.5.0
20 error npm  v3.10.8
21 error code ELIFECYCLE
22 error pin-gen@1.0.0 start: `rm -Rf lib && babel src -d lib --copy-files && node lib/index`
22 error Exit status 1
23 error Failed at the pin-gen@1.0.0 start script 'rm -Rf lib && babel src -d lib --copy-files && node lib/index'.
23 error Make sure you have the latest version of node.js and npm installed.
23 error If you do, this is most likely a problem with the pin-gen package,
23 error not with npm itself.
23 error Tell the author that this fails on your system:
23 error     rm -Rf lib && babel src -d lib --copy-files && node lib/index
23 error You can get information on how to open an issue for this project with:
23 error     npm bugs pin-gen
23 error Or if that isn't available, you can get their info via:
23 error     npm owner ls pin-gen
23 error There is likely additional logging output above.
24 verbose exit [ 1, true ]
